[107m                          [0m Process created for activity com.soundcloud.android/.main.LauncherActivity
[31m           StreamPlaya[0m [30;102m I [0m Configuring next player to use : com.soundcloud.android.playback.skippy.SkippyAdapter@530007c0
[31m           StreamPlaya[0m [30;102m I [0m Configuring next player to use : com.soundcloud.android.playback.skippy.SkippyAdapter@530007c0
[37m            StrictMode[0m [30;101m E [0m     at com.soundcloud.android.search.suggestions.SuggestionsAdapter$SuggestionsHandler.handleMessage(SuggestionsAdapter.java:472)
[37m            StrictMode[0m [30;101m E [0m     at com.soundcloud.android.api.legacy.PublicApiWrapper.getInputStream(PublicApiWrapper.java:393)
[37m            StrictMode[0m [30;101m E [0m     at com.soundcloud.android.api.legacy.PublicApiWrapper.readFullCollection(PublicApiWrapper.java:331)
[37m            StrictMode[0m [30;101m E [0m     at com.soundcloud.android.api.legacy.PublicApi.readFullCollection(PublicApi.java:106)
[37m            StrictMode[0m [30;101m E [0m     at com.soundcloud.android.sync.ApiSyncer.fetchAndInsertCollection(ApiSyncer.java:408)
[37m            StrictMode[0m [30;101m E [0m     at com.soundcloud.android.sync.ApiSyncer.syncContent(ApiSyncer.java:127)
[37m            StrictMode[0m [30;101m E [0m     at com.soundcloud.android.sync.LegacySyncJob.run(LegacySyncJob.java:96)
[37m            StrictMode[0m [30;101m E [0m     at com.soundcloud.android.sync.ApiSyncService$ApiTask.doInBackground(ApiSyncService.java:168)
[37m            StrictMode[0m [30;101m E [0m     at com.soundcloud.android.sync.ApiSyncService$ApiTask.doInBackground(ApiSyncService.java:158)
                           ile: /storage/emulated/0/Android/data/com.soundcloud.android/files/skippy/3/32cb0229e39f1bd2b823acb0af76f8d2/a9622024653fb7a70849b5d4819ecbb4.part, EOS: 0, Error: 0, Dat
[31m           StreamPlaya[0m [30;102m I [0m Configuring next player to use : com.soundcloud.android.playback.skippy.SkippyAdapter@530007c0
[31m           StreamPlaya[0m [30;102m I [0m Configuring next player to use : com.soundcloud.android.playback.skippy.SkippyAdapter@530007c0
                           ile: /storage/emulated/0/Android/data/com.soundcloud.android/files/skippy/5/5d8fc6bf53de42974186136ee8022a7d/08d1a94d2ba332e6944e1d960ef3a1ac.part, EOS: 0, Error: 0, Dat
[31m           StreamPlaya[0m [30;102m I [0m Configuring next player to use : com.soundcloud.android.playback.skippy.SkippyAdapter@530007c0
[31m           StreamPlaya[0m [30;102m I [0m Configuring next player to use : com.soundcloud.android.playback.skippy.SkippyAdapter@530007c0
                           ile: /storage/emulated/0/Android/data/com.soundcloud.android/files/skippy/d/dcd4a4edf45a1f687dfe12621eacadf9/745cb64d2ae5e47a38393591d393f2b9.part, EOS: 0, Error: 0, Dat
[31m           StreamPlaya[0m [30;102m I [0m Configuring next player to use : com.soundcloud.android.playback.skippy.SkippyAdapter@530007c0
[31m           StreamPlaya[0m [30;102m I [0m Configuring next player to use : com.soundcloud.android.playback.skippy.SkippyAdapter@530007c0
[33m          EventTracker[0m [30;103m W [0m     at com.soundcloud.android.analytics.TrackingApi.pushToRemote(TrackingApi.java:52)
[33m          EventTracker[0m [30;103m W [0m     at com.soundcloud.android.analytics.TrackingHandler.submitEvents(TrackingHandler.java:92)
[33m          EventTracker[0m [30;103m W [0m     at com.soundcloud.android.analytics.TrackingHandler.flushTrackingEvents(TrackingHandler.java:84)
[33m          EventTracker[0m [30;103m W [0m     at com.soundcloud.android.analytics.TrackingHandler.handleTrackingEvent(TrackingHandler.java:62)
[33m          EventTracker[0m [30;103m W [0m     at com.soundcloud.android.analytics.TrackingHandler.handleMessage(TrackingHandler.java:40)
[31m           StreamPlaya[0m [30;102m I [0m Configuring next player to use : com.soundcloud.android.playback.skippy.SkippyAdapter@530007c0
[37m            StrictMode[0m [30;101m E [0m     at com.soundcloud.android.api.legacy.PublicApiWrapper.getInputStream(PublicApiWrapper.java:393)
[37m            StrictMode[0m [30;101m E [0m     at com.soundcloud.android.api.legacy.PublicApiWrapper.readList(PublicApiWrapper.java:269)
[37m            StrictMode[0m [30;101m E [0m     at com.soundcloud.android.api.legacy.PublicApi.readList(PublicApi.java:97)
[37m            StrictMode[0m [30;101m E [0m     at com.soundcloud.android.sync.ApiSyncer.syncMyConnections(ApiSyncer.java:347)
[37m            StrictMode[0m [30;101m E [0m     at com.soundcloud.android.sync.ApiSyncer.syncContent(ApiSyncer.java:142)
[37m            StrictMode[0m [30;101m E [0m     at com.soundcloud.android.sync.LegacySyncJob.run(LegacySyncJob.java:96)
[37m            StrictMode[0m [30;101m E [0m     at com.soundcloud.android.sync.ApiSyncService$ApiTask.doInBackground(ApiSyncService.java:168)
[37m            StrictMode[0m [30;101m E [0m     at com.soundcloud.android.sync.ApiSyncService$ApiTask.doInBackground(ApiSyncService.java:158)
[37m            StrictMode[0m [30;101m E [0m     at com.soundcloud.android.sync.ApiSyncer.syncMyGenericResource(ApiSyncer.java:317)
[37m            StrictMode[0m [30;101m E [0m     at com.soundcloud.android.sync.ApiSyncer.syncContent(ApiSyncer.java:138)
[37m            StrictMode[0m [30;101m E [0m     at com.soundcloud.android.sync.LegacySyncJob.run(LegacySyncJob.java:96)
[37m            StrictMode[0m [30;101m E [0m     at com.soundcloud.android.sync.ApiSyncService$ApiTask.doInBackground(ApiSyncService.java:168)
[37m            StrictMode[0m [30;101m E [0m     at com.soundcloud.android.sync.ApiSyncService$ApiTask.doInBackground(ApiSyncService.java:158)
[31m           StreamPlaya[0m [30;102m I [0m Configuring next player to use : com.soundcloud.android.playback.skippy.SkippyAdapter@530007c0
                           ile: /storage/emulated/0/Android/data/com.soundcloud.android/files/skippy/2/2b62659f3235763e3900e81fc0edc844/7961c65538a70c4f2b6dddf2cb0d5a92.part, EOS: 0, Error: 0, Dat
[31m           StreamPlaya[0m [30;102m I [0m Configuring next player to use : com.soundcloud.android.playback.skippy.SkippyAdapter@530007c0
[37m            StrictMode[0m [30;101m E [0m     at com.soundcloud.android.api.legacy.PublicApiWrapper.getInputStream(PublicApiWrapper.java:393)
[37m            StrictMode[0m [30;101m E [0m     at com.soundcloud.android.api.legacy.PublicApiWrapper.readList(PublicApiWrapper.java:269)
[37m            StrictMode[0m [30;101m E [0m     at com.soundcloud.android.api.legacy.PublicApi.readList(PublicApi.java:97)
[37m            StrictMode[0m [30;101m E [0m     at com.soundcloud.android.sync.ApiSyncer.syncMyConnections(ApiSyncer.java:347)
[37m            StrictMode[0m [30;101m E [0m     at com.soundcloud.android.sync.ApiSyncer.syncContent(ApiSyncer.java:142)
[37m            StrictMode[0m [30;101m E [0m     at com.soundcloud.android.sync.LegacySyncJob.run(LegacySyncJob.java:96)
[37m            StrictMode[0m [30;101m E [0m     at com.soundcloud.android.sync.ApiSyncService$ApiTask.doInBackground(ApiSyncService.java:168)
[37m            StrictMode[0m [30;101m E [0m     at com.soundcloud.android.sync.ApiSyncService$ApiTask.doInBackground(ApiSyncService.java:158)
[31m           StreamPlaya[0m [30;102m I [0m Configuring next player to use : com.soundcloud.android.playback.skippy.SkippyAdapter@530007c0
[37m            StrictMode[0m [30;101m E [0m     at com.soundcloud.android.api.legacy.PublicApiWrapper.getInputStream(PublicApiWrapper.java:393)
[37m            StrictMode[0m [30;101m E [0m     at com.soundcloud.android.api.legacy.PublicApiWrapper.read(PublicApiWrapper.java:233)
[37m            StrictMode[0m [30;101m E [0m     at com.soundcloud.android.api.legacy.PublicApi.read(PublicApi.java:85)
[37m            StrictMode[0m [30;101m E [0m     at com.soundcloud.android.sync.playlists.PlaylistSyncHelper.safeFetchPlaylist(PlaylistSyncHelper.java:205)
[37m            StrictMode[0m [30;101m E [0m     at com.soundcloud.android.sync.playlists.PlaylistSyncHelper.resolvePlaylistWithAdditions(PlaylistSyncHelper.java:177)
[37m            StrictMode[0m [30;101m E [0m     at com.soundcloud.android.sync.playlists.PlaylistSyncHelper.syncPlaylist(PlaylistSyncHelper.java:159)
[37m            StrictMode[0m [30;101m E [0m     at com.soundcloud.android.sync.playlists.PlaylistSyncer.syncPlaylist(PlaylistSyncer.java:82)
[37m            StrictMode[0m [30;101m E [0m     at com.soundcloud.android.sync.playlists.PlaylistSyncer.syncContent(PlaylistSyncer.java:61)
[37m            StrictMode[0m [30;101m E [0m     at com.soundcloud.android.sync.LegacySyncJob.run(LegacySyncJob.java:96)
[37m            StrictMode[0m [30;101m E [0m     at com.soundcloud.android.sync.ApiSyncService$ApiTask.doInBackground(ApiSyncService.java:168)
[37m            StrictMode[0m [30;101m E [0m     at com.soundcloud.android.sync.ApiSyncService$ApiTask.doInBackground(ApiSyncService.java:158)
                           ile: /storage/emulated/0/Android/data/com.soundcloud.android/files/skippy/2/2b62659f3235763e3900e81fc0edc844/c902cd4a9d5475d6982d8be77efdfcea.part, EOS: 0, Error: 0, Dat
[37m            StrictMode[0m [30;101m E [0m     at com.soundcloud.android.sync.ApiSyncer.syncMyGenericResource(ApiSyncer.java:317)
[37m            StrictMode[0m [30;101m E [0m     at com.soundcloud.android.sync.ApiSyncer.syncContent(ApiSyncer.java:138)
[37m            StrictMode[0m [30;101m E [0m     at com.soundcloud.android.sync.LegacySyncJob.run(LegacySyncJob.java:96)
[37m            StrictMode[0m [30;101m E [0m     at com.soundcloud.android.sync.ApiSyncService$ApiTask.doInBackground(ApiSyncService.java:168)
[37m            StrictMode[0m [30;101m E [0m     at com.soundcloud.android.sync.ApiSyncService$ApiTask.doInBackground(ApiSyncService.java:158)
[37m            StrictMode[0m [30;101m E [0m     at com.soundcloud.android.api.legacy.PublicApiWrapper.getInputStream(PublicApiWrapper.java:393)
[37m            StrictMode[0m [30;101m E [0m     at com.soundcloud.android.api.legacy.PublicApiWrapper.update(PublicApiWrapper.java:244)
[37m            StrictMode[0m [30;101m E [0m     at com.soundcloud.android.api.legacy.PublicApi.update(PublicApi.java:89)
[37m            StrictMode[0m [30;101m E [0m     at com.soundcloud.android.sync.playlists.PlaylistSyncHelper.resolvePlaylistWithAdditions(PlaylistSyncHelper.java:191)
[37m            StrictMode[0m [30;101m E [0m     at com.soundcloud.android.sync.playlists.PlaylistSyncHelper.syncPlaylist(PlaylistSyncHelper.java:159)
[37m            StrictMode[0m [30;101m E [0m     at com.soundcloud.android.sync.playlists.PlaylistSyncer.syncPlaylist(PlaylistSyncer.java:82)
[37m            StrictMode[0m [30;101m E [0m     at com.soundcloud.android.sync.playlists.PlaylistSyncer.syncContent(PlaylistSyncer.java:61)
[37m            StrictMode[0m [30;101m E [0m     at com.soundcloud.android.sync.LegacySyncJob.run(LegacySyncJob.java:96)
[37m            StrictMode[0m [30;101m E [0m     at com.soundcloud.android.sync.ApiSyncService$ApiTask.doInBackground(ApiSyncService.java:168)
[37m            StrictMode[0m [30;101m E [0m     at com.soundcloud.android.sync.ApiSyncService$ApiTask.doInBackground(ApiSyncService.java:158)
[31m           StreamPlaya[0m [30;102m I [0m Configuring next player to use : com.soundcloud.android.playback.skippy.SkippyAdapter@530007c0
                           ile: /storage/emulated/0/Android/data/com.soundcloud.android/files/skippy/1/1ee7d19552735e0fc652aed33e8a6371/6a0b2c774b68c63d43b2bf4e398b4398.part, EOS: 0, Error: 0, Dat
                           ile: /storage/emulated/0/Android/data/com.soundcloud.android/files/skippy/9/9a78e8df8051d355be2678161826bfa0/7ae63db1d6608301d3bb57f4bf3cbdca.part, EOS: 0, Error: 0, Dat
[31m           StreamPlaya[0m [30;102m I [0m Configuring next player to use : com.soundcloud.android.playback.skippy.SkippyAdapter@530007c0
[31m           StreamPlaya[0m [30;102m I [0m Configuring next player to use : com.soundcloud.android.playback.skippy.SkippyAdapter@530007c0
                           ile: /storage/emulated/0/Android/data/com.soundcloud.android/files/skippy/9/9a78e8df8051d355be2678161826bfa0/15fc1981012450b2ed7cc77c94c324c9.part, EOS: 0, Error: 0, Dat
                           ile: /storage/emulated/0/Android/data/com.soundcloud.android/files/skippy/0/0ed033f585574839cd4a046275e7d00b/16946bc70ad934e3ff501e98342cc0a8.part, EOS: 0, Error: 0, Dat
[36mBufferUnderrunListener[0m [30;102m I [0m Playa buffer underrun. com.soundcloud.android.events.BufferUnderrunEvent@39ad92ed
                           ile: /storage/emulated/0/Android/data/com.soundcloud.android/files/skippy/0/0ed033f585574839cd4a046275e7d00b/3110da602505d3e23ff2a310de8ff208.part, EOS: 0, Error: 0, Dat
[31m           StreamPlaya[0m [30;102m I [0m Configuring next player to use : com.soundcloud.android.playback.skippy.SkippyAdapter@530007c0
[32m SoundCloudApplication[0m [30;104m D [0m CollectionTaskLoading collection with params: CollectionParams{loadModel=class com.soundcloud.android.api.legacy.model.SoundAssociation, contentUri=content://com.soundcl
[32m SoundCloudApplication[0m [30;104m D [0m CollectionTaskLoading collection with params: CollectionParams{loadModel=class com.soundcloud.android.api.legacy.model.PublicApiPlaylist, contentUri=content://com.soundc
[37m            StrictMode[0m [30;101m E [0m     at com.soundcloud.android.api.legacy.PublicApiWrapper.getInputStream(PublicApiWrapper.java:393)
[37m            StrictMode[0m [30;101m E [0m     at com.soundcloud.android.api.legacy.PublicApiWrapper.read(PublicApiWrapper.java:233)
[37m            StrictMode[0m [30;101m E [0m     at com.soundcloud.android.api.legacy.PublicApi.read(PublicApi.java:85)
[37m            StrictMode[0m [30;101m E [0m     at com.soundcloud.android.tasks.FetchModelTask.resolve(FetchModelTask.java:78)
[37m            StrictMode[0m [30;101m E [0m     at com.soundcloud.android.tasks.FetchModelTask.doInBackground(FetchModelTask.java:51)
[37m            StrictMode[0m [30;101m E [0m     at com.soundcloud.android.tasks.FetchModelTask.doInBackground(FetchModelTask.java:20)
[37m            StrictMode[0m [30;101m E [0m     at com.soundcloud.android.api.legacy.PublicApiWrapper.getInputStream(PublicApiWrapper.java:393)
[37m            StrictMode[0m [30;101m E [0m     at com.soundcloud.android.api.legacy.PublicApiWrapper.readList(PublicApiWrapper.java:269)
[37m            StrictMode[0m [30;101m E [0m     at com.soundcloud.android.api.legacy.PublicApi.readList(PublicApi.java:97)
[37m            StrictMode[0m [30;101m E [0m     at com.soundcloud.android.collections.tasks.UpdateCollectionTask.doInBackground(UpdateCollectionTask.java:68)
[37m            StrictMode[0m [30;101m E [0m     at com.soundcloud.android.collections.tasks.UpdateCollectionTask.doInBackground(UpdateCollectionTask.java:26)
[37m            StrictMode[0m [30;101m E [0m     at com.soundcloud.android.sync.ApiSyncer.syncMyGenericResource(ApiSyncer.java:317)
[37m            StrictMode[0m [30;101m E [0m     at com.soundcloud.android.sync.ApiSyncer.syncContent(ApiSyncer.java:138)
[37m            StrictMode[0m [30;101m E [0m     at com.soundcloud.android.sync.LegacySyncJob.run(LegacySyncJob.java:96)
[37m            StrictMode[0m [30;101m E [0m     at com.soundcloud.android.sync.ApiSyncService$ApiTask.doInBackground(ApiSyncService.java:168)
[37m            StrictMode[0m [30;101m E [0m     at com.soundcloud.android.sync.ApiSyncService$ApiTask.doInBackground(ApiSyncService.java:158)
[37m            StrictMode[0m [30;101m E [0m     at com.soundcloud.android.api.legacy.PublicApiWrapper.getInputStream(PublicApiWrapper.java:393)
[37m            StrictMode[0m [30;101m E [0m     at com.soundcloud.android.api.legacy.PublicApiWrapper.readList(PublicApiWrapper.java:269)
[37m            StrictMode[0m [30;101m E [0m     at com.soundcloud.android.api.legacy.PublicApi.readList(PublicApi.java:97)
[37m            StrictMode[0m [30;101m E [0m     at com.soundcloud.android.sync.ApiSyncer.syncMyConnections(ApiSyncer.java:347)
[37m            StrictMode[0m [30;101m E [0m     at com.soundcloud.android.sync.ApiSyncer.syncContent(ApiSyncer.java:142)
[37m            StrictMode[0m [30;101m E [0m     at com.soundcloud.android.sync.LegacySyncJob.run(LegacySyncJob.java:96)
[37m            StrictMode[0m [30;101m E [0m     at com.soundcloud.android.sync.ApiSyncService$ApiTask.doInBackground(ApiSyncService.java:168)
[37m            StrictMode[0m [30;101m E [0m     at com.soundcloud.android.sync.ApiSyncService$ApiTask.doInBackground(ApiSyncService.java:158)
[37m            StrictMode[0m [30;101m E [0m Finalizing a Cursor that has not been deactivated or closed. database = /data/data/com.soundcloud.android/databases/SoundCloud, table = null, query = SELECT _id, title, 
[37m            StrictMode[0m [30;101m E [0m     at com.soundcloud.android.storage.provider.ScContentProvider.doQuery(ScContentProvider.java:554)
[37m            StrictMode[0m [30;101m E [0m     at com.soundcloud.android.storage.provider.ScContentProvider.access$000(ScContentProvider.java:37)
[37m            StrictMode[0m [30;101m E [0m     at com.soundcloud.android.storage.provider.ScContentProvider$1.execute(ScContentProvider.java:67)
[37m            StrictMode[0m [30;101m E [0m     at com.soundcloud.android.storage.provider.ScContentProvider$1.execute(ScContentProvider.java:64)
[37m            StrictMode[0m [30;101m E [0m     at com.soundcloud.android.storage.provider.ScContentProvider.safeExecute(ScContentProvider.java:882)
[37m            StrictMode[0m [30;101m E [0m     at com.soundcloud.android.storage.provider.ScContentProvider.query(ScContentProvider.java:64)
[37m            StrictMode[0m [30;101m E [0m     at com.soundcloud.android.playlists.AddToPlaylistDialogFragment$4.loadInBackground(AddToPlaylistDialogFragment.java:186)
[37m            StrictMode[0m [30;101m E [0m     at com.soundcloud.android.playlists.AddToPlaylistDialogFragment$4.loadInBackground(AddToPlaylistDialogFragment.java:174)
[37m            StrictMode[0m [30;101m E [0m     at com.soundcloud.android.playlists.AddToPlaylistDialogFragment$4.loadInBackground(AddToPlaylistDialogFragment.java:186)
[37m            StrictMode[0m [30;101m E [0m     at com.soundcloud.android.playlists.AddToPlaylistDialogFragment$4.loadInBackground(AddToPlaylistDialogFragment.java:174)
[31m           StreamPlaya[0m [30;102m I [0m Configuring next player to use : com.soundcloud.android.playback.skippy.SkippyAdapter@530007c0
[36mBufferUnderrunListener[0m [30;102m I [0m Playa buffer underrun. com.soundcloud.android.events.BufferUnderrunEvent@3a70c70c
[36mBufferUnderrunListener[0m [30;102m I [0m Playa buffer underrun. com.soundcloud.android.events.BufferUnderrunEvent@3a7f0436
[36mBufferUnderrunListener[0m [30;102m I [0m Playa buffer underrun. com.soundcloud.android.events.BufferUnderrunEvent@3a86f3ec
[37m            StrictMode[0m [30;101m E [0m     at com.soundcloud.android.sync.ApiSyncer.syncMyGenericResource(ApiSyncer.java:317)
[37m            StrictMode[0m [30;101m E [0m     at com.soundcloud.android.sync.ApiSyncer.syncContent(ApiSyncer.java:138)
[37m            StrictMode[0m [30;101m E [0m     at com.soundcloud.android.sync.LegacySyncJob.run(LegacySyncJob.java:96)
[37m            StrictMode[0m [30;101m E [0m     at com.soundcloud.android.sync.ApiSyncService$ApiTask.doInBackground(ApiSyncService.java:168)
[37m            StrictMode[0m [30;101m E [0m     at com.soundcloud.android.sync.ApiSyncService$ApiTask.doInBackground(ApiSyncService.java:158)
[37m            StrictMode[0m [30;101m E [0m     at com.soundcloud.android.api.legacy.PublicApiWrapper.getInputStream(PublicApiWrapper.java:393)
[37m            StrictMode[0m [30;101m E [0m     at com.soundcloud.android.api.legacy.PublicApiWrapper.read(PublicApiWrapper.java:233)
[37m            StrictMode[0m [30;101m E [0m     at com.soundcloud.android.api.legacy.PublicApi.read(PublicApi.java:85)
[37m            StrictMode[0m [30;101m E [0m     at com.soundcloud.android.sync.playlists.PlaylistSyncHelper.safeFetchPlaylist(PlaylistSyncHelper.java:205)
[37m            StrictMode[0m [30;101m E [0m     at com.soundcloud.android.sync.playlists.PlaylistSyncHelper.resolvePlaylistWithAdditions(PlaylistSyncHelper.java:177)
[37m            StrictMode[0m [30;101m E [0m     at com.soundcloud.android.sync.playlists.PlaylistSyncHelper.syncPlaylist(PlaylistSyncHelper.java:159)
[37m            StrictMode[0m [30;101m E [0m     at com.soundcloud.android.sync.playlists.PlaylistSyncer.syncPlaylist(PlaylistSyncer.java:82)
[37m            StrictMode[0m [30;101m E [0m     at com.soundcloud.android.sync.playlists.PlaylistSyncer.syncContent(PlaylistSyncer.java:61)
[37m            StrictMode[0m [30;101m E [0m     at com.soundcloud.android.sync.LegacySyncJob.run(LegacySyncJob.java:96)
[37m            StrictMode[0m [30;101m E [0m     at com.soundcloud.android.sync.ApiSyncService$ApiTask.doInBackground(ApiSyncService.java:168)
[37m            StrictMode[0m [30;101m E [0m     at com.soundcloud.android.sync.ApiSyncService$ApiTask.doInBackground(ApiSyncService.java:158)
[37m            StrictMode[0m [30;101m E [0m     at com.soundcloud.android.api.legacy.PublicApiWrapper.getInputStream(PublicApiWrapper.java:393)
[37m            StrictMode[0m [30;101m E [0m     at com.soundcloud.android.api.legacy.PublicApiWrapper.readList(PublicApiWrapper.java:269)
[37m            StrictMode[0m [30;101m E [0m     at com.soundcloud.android.api.legacy.PublicApi.readList(PublicApi.java:97)
[37m            StrictMode[0m [30;101m E [0m     at com.soundcloud.android.sync.ApiSyncer.syncMyConnections(ApiSyncer.java:347)
[37m            StrictMode[0m [30;101m E [0m     at com.soundcloud.android.sync.ApiSyncer.syncContent(ApiSyncer.java:142)
[37m            StrictMode[0m [30;101m E [0m     at com.soundcloud.android.sync.LegacySyncJob.run(LegacySyncJob.java:96)
[37m            StrictMode[0m [30;101m E [0m     at com.soundcloud.android.sync.ApiSyncService$ApiTask.doInBackground(ApiSyncService.java:168)
[37m            StrictMode[0m [30;101m E [0m     at com.soundcloud.android.sync.ApiSyncService$ApiTask.doInBackground(ApiSyncService.java:158)
[37m            StrictMode[0m [30;101m E [0m     at com.soundcloud.android.api.legacy.PublicApiWrapper.getInputStream(PublicApiWrapper.java:393)
[37m            StrictMode[0m [30;101m E [0m     at com.soundcloud.android.api.legacy.PublicApiWrapper.update(PublicApiWrapper.java:244)
[37m            StrictMode[0m [30;101m E [0m     at com.soundcloud.android.api.legacy.PublicApi.update(PublicApi.java:89)
[37m            StrictMode[0m [30;101m E [0m     at com.soundcloud.android.sync.playlists.PlaylistSyncHelper.resolvePlaylistWithAdditions(PlaylistSyncHelper.java:191)
[37m            StrictMode[0m [30;101m E [0m     at com.soundcloud.android.sync.playlists.PlaylistSyncHelper.syncPlaylist(PlaylistSyncHelper.java:159)
[37m            StrictMode[0m [30;101m E [0m     at com.soundcloud.android.sync.playlists.PlaylistSyncer.syncPlaylist(PlaylistSyncer.java:82)
[37m            StrictMode[0m [30;101m E [0m     at com.soundcloud.android.sync.playlists.PlaylistSyncer.syncContent(PlaylistSyncer.java:61)
[37m            StrictMode[0m [30;101m E [0m     at com.soundcloud.android.sync.LegacySyncJob.run(LegacySyncJob.java:96)
[37m            StrictMode[0m [30;101m E [0m     at com.soundcloud.android.sync.ApiSyncService$ApiTask.doInBackground(ApiSyncService.java:168)
[37m            StrictMode[0m [30;101m E [0m     at com.soundcloud.android.sync.ApiSyncService$ApiTask.doInBackground(ApiSyncService.java:158)
[31m           StreamPlaya[0m [30;102m I [0m Configuring next player to use : com.soundcloud.android.playback.skippy.SkippyAdapter@530007c0
[31m           StreamPlaya[0m [30;102m I [0m Configuring next player to use : com.soundcloud.android.playback.skippy.SkippyAdapter@530007c0
                           ile: /storage/emulated/0/Android/data/com.soundcloud.android/files/skippy/f/faf70ad47cb0557097d7bbc64d3c1a3d/8f821fbe3ea84b432953c1fcd6d704d3.part, EOS: 0, Error: 0, Dat
[35m         error-context[0m [30;101m E [0m com.soundcloud.android.utils.CallsiteToken
[35m         error-context[0m [30;101m E [0m     at com.soundcloud.android.rx.observers.DefaultSubscriber.<init>(DefaultSubscriber.java:15)
[35m         error-context[0m [30;101m E [0m     at com.soundcloud.android.rx.observers.DefaultSubscriber.fireAndForget(DefaultSubscriber.java:18)
[35m         error-context[0m [30;101m E [0m     at com.soundcloud.android.playback.service.PlayQueueManager.setNewPlayQueue(PlayQueueManager.java:101)
[35m         error-context[0m [30;101m E [0m     at com.soundcloud.android.playback.PlaybackOperations.playNewQueue(PlaybackOperations.java:168)
[35m         error-context[0m [30;101m E [0m     at com.soundcloud.android.playback.PlaybackOperations.access$000(PlaybackOperations.java:37)
[35m         error-context[0m [30;101m E [0m     at com.soundcloud.android.playback.PlaybackOperations$3.call(PlaybackOperations.java:154)
[35m         error-context[0m [30;101m E [0m     at com.soundcloud.android.playback.PlaybackOperations$3.call(PlaybackOperations.java:149)
[34m            System.err[0m [30;103m W [0m com.soundcloud.android.api.ApiRequestException: Request failed with reason NETWORK_ERROR; request = ApiRequest{uri=/policies/tracks, httpMethod=POST, endPointVersion=1, 
                           isPrivate=true, resourceType=com.soundcloud.android.api.model.ModelCollection<com.soundcloud.android.policies.PolicyInfo>, content=[soundcloud:tracks:165208376, soundclo
[34m            System.err[0m [30;103m W [0m     at com.soundcloud.android.api.ApiClient.fetchResponse(ApiClient.java:86)
[34m            System.err[0m [30;103m W [0m     at com.soundcloud.android.api.ApiClient.fetchMappedResponse(ApiClient.java:130)
[34m            System.err[0m [30;103m W [0m     at com.soundcloud.android.policies.FetchPoliciesCommand.call(FetchPoliciesCommand.java:33)
[34m            System.err[0m [30;103m W [0m     at com.soundcloud.android.policies.FetchPoliciesCommand.call(FetchPoliciesCommand.java:16)
[34m            System.err[0m [30;103m W [0m     at com.soundcloud.android.api.ApiClient.fetchResponse(ApiClient.java:79)
                           ile: /storage/emulated/0/Android/data/com.soundcloud.android/files/skippy/7/776d262dfb2d41f680f975c05ef04e63/fbcdf0281691192d3dd9ff12459e9f16.part, EOS: 0, Error: 0, Dat
[34m            System.err[0m [30;103m W [0m com.soundcloud.android.api.ApiRequestException: Request failed with reason NETWORK_ERROR; request = ApiRequest{uri=/likes/tracks, httpMethod=GET, endPointVersion=1, isPr
                           ivate=true, resourceType=com.soundcloud.android.api.model.ModelCollection<com.soundcloud.android.sync.likes.ApiLike>, content=}
[34m            System.err[0m [30;103m W [0m     at com.soundcloud.android.api.ApiClient.fetchResponse(ApiClient.java:86)
[34m            System.err[0m [30;103m W [0m     at com.soundcloud.android.api.ApiClient.fetchMappedResponse(ApiClient.java:130)
[34m            System.err[0m [30;103m W [0m     at com.soundcloud.android.sync.likes.FetchLikesCommand.call(FetchLikesCommand.java:37)
[34m            System.err[0m [30;103m W [0m     at com.soundcloud.android.sync.likes.LikesSyncer.call(LikesSyncer.java:60)
[34m            System.err[0m [30;103m W [0m     at com.soundcloud.android.sync.likes.MyLikesSyncer.syncContent(MyLikesSyncer.java:31)
[34m            System.err[0m [30;103m W [0m     at com.soundcloud.android.sync.LegacySyncJob.run(LegacySyncJob.java:96)
[34m            System.err[0m [30;103m W [0m     at com.soundcloud.android.sync.ApiSyncService$ApiTask.doInBackground(ApiSyncService.java:168)
[34m            System.err[0m [30;103m W [0m     at com.soundcloud.android.sync.ApiSyncService$ApiTask.doInBackground(ApiSyncService.java:158)
[34m            System.err[0m [30;103m W [0m     at com.soundcloud.android.api.ApiClient.fetchResponse(ApiClient.java:79)
[37m            StrictMode[0m [30;101m E [0m     at com.soundcloud.android.sync.ApiSyncer.syncMyGenericResource(ApiSyncer.java:317)
[37m            StrictMode[0m [30;101m E [0m     at com.soundcloud.android.sync.ApiSyncer.syncContent(ApiSyncer.java:138)
[37m            StrictMode[0m [30;101m E [0m     at com.soundcloud.android.sync.LegacySyncJob.run(LegacySyncJob.java:96)
[37m            StrictMode[0m [30;101m E [0m     at com.soundcloud.android.sync.ApiSyncService$ApiTask.doInBackground(ApiSyncService.java:168)
[37m            StrictMode[0m [30;101m E [0m     at com.soundcloud.android.sync.ApiSyncService$ApiTask.doInBackground(ApiSyncService.java:158)
[31m             ApiSyncer[0m [30;103m W [0m collection sync request CollectionSyncRequest{contentUri=content://com.soundcloud.android.provider.ScContentProvider/me/likes, action='null', result=Result{uri=content:/
                           /com.soundcloud.android.provider.ScContentProvider/me/likes, syncResult=SyncResult: delayUntil: 600 stats [], change=0, success=false, synced_at=0, new_size=0, extra='nu
[37m            StrictMode[0m [30;101m E [0m     at com.soundcloud.android.api.legacy.PublicApiWrapper.getInputStream(PublicApiWrapper.java:393)
[37m            StrictMode[0m [30;101m E [0m     at com.soundcloud.android.api.legacy.PublicApiWrapper.readList(PublicApiWrapper.java:269)
[37m            StrictMode[0m [30;101m E [0m     at com.soundcloud.android.api.legacy.PublicApi.readList(PublicApi.java:97)
[37m            StrictMode[0m [30;101m E [0m     at com.soundcloud.android.sync.ApiSyncer.syncMyConnections(ApiSyncer.java:347)
[37m            StrictMode[0m [30;101m E [0m     at com.soundcloud.android.sync.ApiSyncer.syncContent(ApiSyncer.java:142)
[37m            StrictMode[0m [30;101m E [0m     at com.soundcloud.android.sync.LegacySyncJob.run(LegacySyncJob.java:96)
[37m            StrictMode[0m [30;101m E [0m     at com.soundcloud.android.sync.ApiSyncService$ApiTask.doInBackground(ApiSyncService.java:168)
[37m            StrictMode[0m [30;101m E [0m     at com.soundcloud.android.sync.ApiSyncService$ApiTask.doInBackground(ApiSyncService.java:158)
[37m            StrictMode[0m [30;101m E [0m Finalizing a Cursor that has not been deactivated or closed. database = /data/data/com.soundcloud.android/databases/SoundCloud, table = null, query = SELECT _id, title, 
[37m            StrictMode[0m [30;101m E [0m     at com.soundcloud.android.storage.provider.ScContentProvider.doQuery(ScContentProvider.java:554)
[37m            StrictMode[0m [30;101m E [0m     at com.soundcloud.android.storage.provider.ScContentProvider.access$000(ScContentProvider.java:37)
[37m            StrictMode[0m [30;101m E [0m     at com.soundcloud.android.storage.provider.ScContentProvider$1.execute(ScContentProvider.java:67)
[37m            StrictMode[0m [30;101m E [0m     at com.soundcloud.android.storage.provider.ScContentProvider$1.execute(ScContentProvider.java:64)
[37m            StrictMode[0m [30;101m E [0m     at com.soundcloud.android.storage.provider.ScContentProvider.safeExecute(ScContentProvider.java:882)
[37m            StrictMode[0m [30;101m E [0m     at com.soundcloud.android.storage.provider.ScContentProvider.query(ScContentProvider.java:64)
[37m            StrictMode[0m [30;101m E [0m     at com.soundcloud.android.playlists.AddToPlaylistDialogFragment$4.loadInBackground(AddToPlaylistDialogFragment.java:186)
[37m            StrictMode[0m [30;101m E [0m     at com.soundcloud.android.playlists.AddToPlaylistDialogFragment$4.loadInBackground(AddToPlaylistDialogFragment.java:174)
[37m            StrictMode[0m [30;101m E [0m     at com.soundcloud.android.playlists.AddToPlaylistDialogFragment$4.loadInBackground(AddToPlaylistDialogFragment.java:186)
[37m            StrictMode[0m [30;101m E [0m     at com.soundcloud.android.playlists.AddToPlaylistDialogFragment$4.loadInBackground(AddToPlaylistDialogFragment.java:174)
[37m            StrictMode[0m [30;101m E [0m class com.soundcloud.android.main.MainActivity; instances=2; limit=1
[37m            StrictMode[0m [30;101m E [0m android.os.StrictMode$InstanceCountViolation: class com.soundcloud.android.main.MainActivity; instances=2; limit=1
[37m            StrictMode[0m [30;101m E [0m class com.soundcloud.android.playlists.PlaylistDetailActivity; instances=2; limit=1
[37m            StrictMode[0m [30;101m E [0m android.os.StrictMode$InstanceCountViolation: class com.soundcloud.android.playlists.PlaylistDetailActivity; instances=2; limit=1
[31m           StreamPlaya[0m [30;102m I [0m Configuring next player to use : com.soundcloud.android.playback.skippy.SkippyAdapter@530007c0
[31m           StreamPlaya[0m [30;102m I [0m Configuring next player to use : com.soundcloud.android.playback.skippy.SkippyAdapter@530007c0
                           ile: /storage/emulated/0/Android/data/com.soundcloud.android/files/skippy/7/776d262dfb2d41f680f975c05ef04e63/7bcd7e8cd959c70e3db63de34f6d128e.part, EOS: 0, Error: 0, Dat
                           ile: /storage/emulated/0/Android/data/com.soundcloud.android/files/skippy/9/934e3dc877d66918c3a809a540df0cfd/45c345a874cc6313724138f1ea2f124c.part, EOS: 0, Error: 0, Dat
[37m            StrictMode[0m [30;101m E [0m class com.soundcloud.android.playlists.PlaylistDetailActivity; instances=2; limit=1
[37m            StrictMode[0m [30;101m E [0m android.os.StrictMode$InstanceCountViolation: class com.soundcloud.android.playlists.PlaylistDetailActivity; instances=2; limit=1
[31m           StreamPlaya[0m [30;102m I [0m Configuring next player to use : com.soundcloud.android.playback.skippy.SkippyAdapter@530007c0
[31m           StreamPlaya[0m [30;102m I [0m Configuring next player to use : com.soundcloud.android.playback.skippy.SkippyAdapter@530007c0
                           ile: /storage/emulated/0/Android/data/com.soundcloud.android/files/skippy/9/934e3dc877d66918c3a809a540df0cfd/c7e91298e8b5c5f182f63122110d1872.part, EOS: 0, Error: 0, Dat
                           ile: /storage/emulated/0/Android/data/com.soundcloud.android/files/skippy/1/1d6e894e815db6e738228af1829e9f9f/d8fc7a3cb4e369f0575c5a58a6212334.part, EOS: 0, Error: 0, Dat
[36mBufferUnderrunListener[0m [30;102m I [0m Playa buffer underrun. com.soundcloud.android.events.BufferUnderrunEvent@3afe9fea
[36mBufferUnderrunListener[0m [30;102m I [0m Playa buffer underrun. com.soundcloud.android.events.BufferUnderrunEvent@3b010921
[32m SoundCloudApplication[0m [30;104m D [0m CollectionTaskLoading collection with params: CollectionParams{loadModel=class com.soundcloud.android.api.legacy.model.SoundAssociation, contentUri=content://com.soundcl
[32m SoundCloudApplication[0m [30;104m D [0m CollectionTaskLoading collection with params: CollectionParams{loadModel=class com.soundcloud.android.api.legacy.model.PublicApiPlaylist, contentUri=content://com.soundc
[32m SoundCloudApplication[0m [30;104m D [0m CollectionTaskLoading collection with params: CollectionParams{loadModel=class com.soundcloud.android.api.legacy.model.activities.Activity, contentUri=content://com.soun
[32m SoundCloudApplication[0m [30;104m D [0m CollectionTaskLoading collection with params: CollectionParams{loadModel=class com.soundcloud.android.api.legacy.model.activities.Activity, contentUri=content://com.soun
[32m SoundCloudApplication[0m [30;104m D [0m CollectionTaskLoading collection with params: CollectionParams{loadModel=class com.soundcloud.android.api.legacy.model.SoundAssociation, contentUri=content://com.soundcl
[32m SoundCloudApplication[0m [30;104m D [0m CollectionTaskLoading collection with params: CollectionParams{loadModel=null, contentUri=content://com.soundcloud.android.provider.ScContentProvider/users/80635905/play
[32m SoundCloudApplication[0m [30;104m D [0m CollectionTaskLoading collection with params: CollectionParams{loadModel=class com.soundcloud.android.api.legacy.model.PublicApiTrack, contentUri=content://com.soundclou
[32m SoundCloudApplication[0m [30;104m D [0m CollectionTaskLoading collection with params: CollectionParams{loadModel=class com.soundcloud.android.api.legacy.model.PublicApiUser, contentUri=content://com.soundcloud
[32m SoundCloudApplication[0m [30;104m D [0m CollectionTaskLoading collection with params: CollectionParams{loadModel=class com.soundcloud.android.api.legacy.model.PublicApiUser, contentUri=content://com.soundcloud
[31m           StreamPlaya[0m [30;102m I [0m Configuring next player to use : com.soundcloud.android.playback.skippy.SkippyAdapter@530007c0
[34m            System.err[0m [30;103m W [0m com.soundcloud.android.playback.skippy.SkippyAdapter$SkippyException: NETWORK_TIMEOUT
[34m            System.err[0m [30;103m W [0m     at com.soundcloud.android.playback.skippy.SkippyAdapter.onErrorMessage(SkippyAdapter.java:418)
[34m            System.err[0m [30;103m W [0m     at com.soundcloud.android.skippy.Skippy.onErrorMessage(Skippy.java:195)
                           rage/emulated/0/Android/data/com.soundcloud.android/files/skippy/6/6ce0372d5d672cc330a1449a9b9ef0ed/0.part, EOS: 0, Error: 0, Data: 0
[31m           StreamProxy[0m [30;101m E [0m     at com.soundcloud.android.playback.streaming.StreamProxy.acceptLoop(StreamProxy.java:159)
[31m           StreamProxy[0m [30;101m E [0m     at com.soundcloud.android.playback.streaming.StreamProxy.initAndRun(StreamProxy.java:146)
[31m           StreamProxy[0m [30;101m E [0m     at com.soundcloud.android.playback.streaming.StreamProxy.access$000(StreamProxy.java:58)
[31m           StreamProxy[0m [30;101m E [0m     at com.soundcloud.android.playback.streaming.StreamProxy$1.run(StreamProxy.java:90)
[32m SoundCloudApplication[0m [30;104m D [0m CollectionTaskLoading collection with params: CollectionParams{loadModel=class com.soundcloud.android.api.legacy.model.PublicApiUser, contentUri=content://com.soundcloud
